\BOOKMARK [1][-]{section.1}{\376\377\000S\000e\000c\000t\000i\000o\000n\000\040\0002}{}% 1
\BOOKMARK [1][-]{section.2}{\376\377\000S\000e\000c\000t\000i\000o\000n\000\040\0003}{}% 2
\BOOKMARK [2][-]{subsection.2.1}{\376\377\000T\000a\000b\000l\000e\000\050\000\051\000.\000s\000e\000l\000e\000c\000t\000\050\000\051}{section.2}% 3
\BOOKMARK [2][-]{subsection.2.2}{\376\377\000T\000a\000b\000l\000e\000\050\000\051\000.\000s\000o\000r\000t\000\050\000\051}{section.2}% 4
\BOOKMARK [1][-]{section.3}{\376\377\000S\000e\000c\000t\000i\000o\000n\000\040\0004}{}% 5
\BOOKMARK [2][-]{subsection.3.1}{\376\377\000m\000a\000k\000e\000\137\000a\000r\000r\000a\000y\000\050\000.\000.\000.\000\051}{section.3}% 6
\BOOKMARK [2][-]{subsection.3.2}{\376\377\000T\000a\000b\000l\000e\000\050\000\051\000.\000c\000o\000l\000u\000m\000n\000\050\000.\000.\000.\000\051}{section.3}% 7
\BOOKMARK [1][-]{section.4}{\376\377\000S\000e\000c\000t\000i\000o\000n\000\040\0005}{}% 8
\BOOKMARK [2][-]{subsection.4.1}{\376\377\000T\000a\000b\000l\000e\000\050\000\051\000.\000r\000e\000l\000a\000b\000l\000e\000d\000\050\000.\000.\000.\000\051}{section.4}% 9
\BOOKMARK [2][-]{subsection.4.2}{\376\377\000T\000a\000b\000l\000e\000.\000r\000e\000a\000d\000\137\000t\000a\000b\000l\000e\000\050\000.\000.\000.\000\051}{section.4}% 10
\BOOKMARK [2][-]{subsection.4.3}{\376\377\000T\000a\000b\000l\000e\000\050\000\051\000.\000w\000i\000t\000h\000\137\000c\000o\000l\000u\000m\000n\000s\000\050\000.\000.\000.\000\051}{section.4}% 11
\BOOKMARK [2][-]{subsection.4.4}{\376\377\000T\000a\000b\000l\000e\000\050\000\051\000.\000d\000r\000o\000p\000\050\000.\000.\000.\000\051}{section.4}% 12
\BOOKMARK [2][-]{subsection.4.5}{\376\377\000T\000a\000b\000l\000e\000\050\000\051\000.\000t\000a\000k\000e\000\050\000.\000.\000.\000\051}{section.4}% 13
\BOOKMARK [2][-]{subsection.4.6}{\376\377\000T\000a\000b\000l\000e\000\050\000\051\000.\000w\000h\000e\000r\000e\000\050\000.\000.\000.\000\051}{section.4}% 14
\BOOKMARK [1][-]{section.5}{\376\377\000S\000e\000c\000t\000i\000o\000n\000\040\0006}{}% 15
\BOOKMARK [2][-]{subsection.5.1}{\376\377\000T\000a\000b\000l\000e\000\050\000\051\000.\000b\000a\000r\000h\000\050\000.\000.\000.\000\051}{section.5}% 16
\BOOKMARK [2][-]{subsection.5.2}{\376\377\000T\000a\000b\000l\000e\000\050\000\051\000.\000s\000h\000o\000w\000\050\000.\000.\000.\000\051}{section.5}% 17
\BOOKMARK [1][-]{section.6}{\376\377\000S\000e\000c\000t\000i\000o\000n\000\040\0007}{}% 18
\BOOKMARK [2][-]{subsection.6.1}{\376\377\000T\000a\000b\000l\000e\000\050\000\051\000.\000s\000c\000a\000t\000t\000e\000r\000\050\000.\000.\000.\000\051}{section.6}% 19
\BOOKMARK [2][-]{subsection.6.2}{\376\377\000T\000a\000b\000l\000e\000.\000p\000l\000o\000t\000\050\000.\000.\000.\000\051}{section.6}% 20
\BOOKMARK [1][-]{section.7}{\376\377\000S\000e\000c\000t\000i\000o\000n\000\040\0008}{}% 21
\BOOKMARK [2][-]{subsection.7.1}{\376\377\000T\000a\000b\000l\000e\000\050\000\051\000.\000h\000i\000s\000t\000\050\000.\000.\000.\000\051}{section.7}% 22
\BOOKMARK [1][-]{section.8}{\376\377\000S\000e\000c\000t\000i\000o\000n\000\040\0009}{}% 23
\BOOKMARK [2][-]{subsection.8.1}{\376\377\000T\000a\000b\000l\000e\000\050\000\051\000.\000a\000p\000p\000l\000y\000\050\000.\000.\000.\000\051}{section.8}% 24
\BOOKMARK [1][-]{section.9}{\376\377\000S\000e\000c\000t\000i\000o\000n\000\040\0001\0000}{}% 25
\BOOKMARK [2][-]{subsection.9.1}{\376\377\000T\000a\000b\000l\000e\000\050\000\051\000.\000g\000r\000o\000u\000p\000\050\000.\000.\000.\000\051}{section.9}% 26
\BOOKMARK [2][-]{subsection.9.2}{\376\377\000T\000a\000b\000l\000e\000.\000p\000i\000v\000o\000t\000\050\000.\000.\000.\000\051}{section.9}% 27
\BOOKMARK [1][-]{section.10}{\376\377\000S\000e\000c\000t\000i\000o\000n\000\040\0001\0001}{}% 28
\BOOKMARK [2][-]{subsection.10.1}{\376\377\000T\000a\000b\000l\000e\000\050\000\051\000.\000j\000o\000i\000n\000\050\000.\000.\000.\000\051}{section.10}% 29
\BOOKMARK [1][-]{section.11}{\376\377\000S\000e\000c\000t\000i\000o\000n\000\040\0001\0002}{}% 30
\BOOKMARK [1][-]{section.12}{\376\377\000S\000e\000c\000t\000i\000o\000n\000\040\0001\0003}{}% 31
\BOOKMARK [1][-]{section.13}{\376\377\000S\000e\000c\000t\000i\000o\000n\000\040\0001\0004}{}% 32
\BOOKMARK [1][-]{section.14}{\376\377\000S\000e\000c\000t\000i\000o\000n\000\040\0001\0005}{}% 33
\BOOKMARK [1][-]{section.15}{\376\377\000S\000e\000c\000t\000i\000o\000n\000\040\0001\0006\000-\0001\0008}{}% 34
\BOOKMARK [1][-]{section.16}{\376\377\000S\000e\000c\000t\000i\000o\000n\000\040\0001\0009}{}% 35
\BOOKMARK [2][-]{subsection.16.1}{\376\377\000T\000a\000b\000l\000e\000\050\000\051\000.\000s\000a\000m\000p\000l\000e\000\050\000.\000.\000.\000\051}{section.16}% 36
